<?xml version="1.0" encoding="UTF-8"?>
<testsuite xmlns:xsi="http://www.w3.org/2001/XMLSchema-instance" xsi:noNamespaceSchemaLocation="https://maven.apache.org/surefire/maven-surefire-plugin/xsd/surefire-test-report-3.0.xsd" version="3.0" name="com.nnk.springboot.configurationTest.SecurityConfigTest" time="1.3" tests="4" errors="0" skipped="0" failures="0">
  <properties>
[...]
</properties>
  <testcase name="filterChainTestForAdminOnly_Failure" classname="com.nnk.springboot.configurationTest.SecurityConfigTest" time="0.069">
    <system-out><![CDATA[2023-09-04T11:57:24.151+02:00  INFO 7700 --- [           main] t.c.s.AnnotationConfigContextLoaderUtils : Could not detect default configuration classes for test class [com.nnk.springboot.configurationTest.SecurityConfigTest]: SecurityConfigTest does not declare any static, non-private, non-final, nested classes annotated with @Configuration.
2023-09-04T11:57:24.163+02:00  INFO 7700 --- [           main] .b.t.c.SpringBootTestContextBootstrapper : Found @SpringBootConfiguration com.nnk.springboot.Application for test class com.nnk.springboot.configurationTest.SecurityConfigTest

  .   ____          _            __ _ _
 /\\ / ___'_ __ _ _(_)_ __  __ _ \ \ \ \
( ( )\___ | '_ | '_| | '_ \/ _` | \ \ \ \
 \\/  ___)| |_)| | | | | || (_| |  ) ) ) )
  '  |____| .__|_| |_|_| |_\__, | / / / /
 =========|_|==============|___/=/_/_/_/
 :: Spring Boot ::                (v3.1.0)

2023-09-04T11:57:24.190+02:00  INFO 7700 --- [           main] c.n.s.c.SecurityConfigTest               : Starting SecurityConfigTest using Java 17.0.6 with PID 7700 (started by Simon in C:\Users\simon\eclipse-workspace\Poseiden-skeleton)
2023-09-04T11:57:24.191+02:00  INFO 7700 --- [           main] c.n.s.c.SecurityConfigTest               : No active profile set, falling back to 1 default profile: "default"
2023-09-04T11:57:24.335+02:00  INFO 7700 --- [           main] .s.d.r.c.RepositoryConfigurationDelegate : Bootstrapping Spring Data JPA repositories in DEFAULT mode.
2023-09-04T11:57:24.350+02:00  INFO 7700 --- [           main] .s.d.r.c.RepositoryConfigurationDelegate : Finished Spring Data repository scanning in 14 ms. Found 6 JPA repository interfaces.
2023-09-04T11:57:24.442+02:00  INFO 7700 --- [           main] o.hibernate.jpa.internal.util.LogHelper  : HHH000204: Processing PersistenceUnitInfo [name: default]
2023-09-04T11:57:24.454+02:00  INFO 7700 --- [           main] o.h.b.i.BytecodeProviderInitiator        : HHH000021: Bytecode provider name : bytebuddy
2023-09-04T11:57:24.454+02:00  INFO 7700 --- [           main] o.s.o.j.p.SpringPersistenceUnitInfo      : No LoadTimeWeaver setup: ignoring JPA class transformer
2023-09-04T11:57:24.455+02:00  INFO 7700 --- [           main] com.zaxxer.hikari.HikariDataSource       : HikariPool-2 - Starting...
2023-09-04T11:57:24.469+02:00  INFO 7700 --- [           main] com.zaxxer.hikari.pool.HikariPool        : HikariPool-2 - Added connection com.mysql.cj.jdbc.ConnectionImpl@1895e169
2023-09-04T11:57:24.469+02:00  INFO 7700 --- [           main] com.zaxxer.hikari.HikariDataSource       : HikariPool-2 - Start completed.
2023-09-04T11:57:24.470+02:00  INFO 7700 --- [           main] org.hibernate.orm.dialect                : HHH035001: Using dialect: org.hibernate.dialect.MySQLDialect, version: 8.0.33
2023-09-04T11:57:24.495+02:00  INFO 7700 --- [           main] o.h.b.i.BytecodeProviderInitiator        : HHH000021: Bytecode provider name : bytebuddy
2023-09-04T11:57:24.625+02:00  INFO 7700 --- [           main] o.h.e.t.j.p.i.JtaPlatformInitiator       : HHH000490: Using JtaPlatform implementation: [org.hibernate.engine.transaction.jta.platform.internal.NoJtaPlatform]
Hibernate: alter table bidlist modify column ask  float(53)
Hibernate: alter table bidlist modify column ask_quantity  float(53)
Hibernate: alter table bidlist modify column bid  float(53)
Hibernate: alter table bidlist modify column bid_list_date  datetime(6)
Hibernate: alter table bidlist modify column bid_quantity  float(53)
Hibernate: alter table bidlist modify column creation_date  datetime(6)
Hibernate: alter table bidlist modify column revision_date  datetime(6)
Hibernate: alter table curvepoint modify column as_of_date  datetime(6)
Hibernate: alter table curvepoint modify column creation_date  datetime(6)
Hibernate: alter table curvepoint modify column term  float(53)
Hibernate: alter table curvepoint modify column value  float(53)
Hibernate: alter table trade modify column buy_price  float(53)
Hibernate: alter table trade modify column buy_quantity  float(53)
Hibernate: alter table trade modify column creation_date  datetime(6)
Hibernate: alter table trade modify column revision_date  datetime(6)
Hibernate: alter table trade modify column sell_price  float(53)
Hibernate: alter table trade modify column sell_quantity  float(53)
Hibernate: alter table trade modify column trade_date  datetime(6)
2023-09-04T11:57:24.732+02:00  INFO 7700 --- [           main] j.LocalContainerEntityManagerFactoryBean : Initialized JPA EntityManagerFactory for persistence unit 'default'
2023-09-04T11:57:24.810+02:00  WARN 7700 --- [           main] JpaBaseConfiguration$JpaWebConfiguration : spring.jpa.open-in-view is enabled by default. Therefore, database queries may be performed during view rendering. Explicitly configure spring.jpa.open-in-view to disable this warning
2023-09-04T11:57:24.868+02:00  INFO 7700 --- [           main] o.s.s.web.DefaultSecurityFilterChain     : Will secure any request with [org.springframework.security.web.session.DisableEncodeUrlFilter@64c9f9a1, org.springframework.security.web.context.request.async.WebAsyncManagerIntegrationFilter@168f3bbb, org.springframework.security.web.context.SecurityContextHolderFilter@70250edd, org.springframework.security.web.header.HeaderWriterFilter@5e0bed5a, org.springframework.security.web.csrf.CsrfFilter@38a74f6f, org.springframework.security.web.authentication.logout.LogoutFilter@18c6491e, org.springframework.security.web.authentication.UsernamePasswordAuthenticationFilter@4eedd7db, org.springframework.security.web.authentication.ui.DefaultLoginPageGeneratingFilter@6d47b346, org.springframework.security.web.authentication.ui.DefaultLogoutPageGeneratingFilter@5ec39887, org.springframework.security.web.savedrequest.RequestCacheAwareFilter@727bfb81, org.springframework.security.web.servletapi.SecurityContextHolderAwareRequestFilter@6c27f2a5, org.springframework.security.web.authentication.AnonymousAuthenticationFilter@7e30df8b, org.springframework.security.web.access.ExceptionTranslationFilter@636fb5ae, org.springframework.security.web.access.intercept.AuthorizationFilter@1baa65c8]
2023-09-04T11:57:24.990+02:00  INFO 7700 --- [           main] o.s.b.t.m.w.SpringBootMockServletContext : Initializing Spring TestDispatcherServlet ''
2023-09-04T11:57:24.991+02:00  INFO 7700 --- [           main] o.s.t.web.servlet.TestDispatcherServlet  : Initializing Servlet ''
2023-09-04T11:57:24.992+02:00  INFO 7700 --- [           main] o.s.t.web.servlet.TestDispatcherServlet  : Completed initialization in 1 ms
2023-09-04T11:57:24.999+02:00  INFO 7700 --- [           main] c.n.s.c.SecurityConfigTest               : Started SecurityConfigTest in 0.831 seconds (process running for 9.419)
]]></system-out>
  </testcase>
  <testcase name="filterChainTestWithoutLoggin" classname="com.nnk.springboot.configurationTest.SecurityConfigTest" time="0.01"/>
  <testcase name="filterChainTestForAdminOnly_Succes" classname="com.nnk.springboot.configurationTest.SecurityConfigTest" time="0.34">
    <system-out><![CDATA[Hibernate: select u1_0.id,u1_0.fullname,u1_0.password,u1_0.role,u1_0.username from users u1_0
]]></system-out>
  </testcase>
  <testcase name="filterChainTestWithLoggedUser" classname="com.nnk.springboot.configurationTest.SecurityConfigTest" time="0.025">
    <system-out><![CDATA[2023-09-04T11:57:25.426+02:00  INFO 7700 --- [           main] c.nnk.springboot.service.BidListService  : call getAllRule
Hibernate: select b1_0.bid_list_id,b1_0.account,b1_0.ask,b1_0.ask_quantity,b1_0.benchmark,b1_0.bid,b1_0.bid_list_date,b1_0.bid_quantity,b1_0.book,b1_0.commentary,b1_0.creation_date,b1_0.creation_name,b1_0.deal_name,b1_0.deal_type,b1_0.revision_date,b1_0.revision_name,b1_0.security,b1_0.side,b1_0.source_list_id,b1_0.status,b1_0.trader,b1_0.type from bidlist b1_0
]]></system-out>
  </testcase>
</testsuite>