<?xml version="1.0" encoding="UTF-8"?>
<testsuite xmlns:xsi="http://www.w3.org/2001/XMLSchema-instance" xsi:noNamespaceSchemaLocation="https://maven.apache.org/surefire/maven-surefire-plugin/xsd/surefire-test-report-3.0.xsd" version="3.0" name="com.nnk.springboot.RatingTests" time="0.02" tests="1" errors="0" skipped="0" failures="0">
  <properties>
[...]
</properties>
  <testcase name="ratingTest" classname="com.nnk.springboot.RatingTests" time="0.017">
    <system-out><![CDATA[2023-09-05T00:15:00.484+02:00  INFO 15856 --- [           main] t.c.s.AnnotationConfigContextLoaderUtils : Could not detect default configuration classes for test class [com.nnk.springboot.RatingTests]: RatingTests does not declare any static, non-private, non-final, nested classes annotated with @Configuration.
2023-09-05T00:15:00.485+02:00  INFO 15856 --- [           main] .b.t.c.SpringBootTestContextBootstrapper : Found @SpringBootConfiguration com.nnk.springboot.Application for test class com.nnk.springboot.RatingTests
Hibernate: insert into rating (fitch_rating,moodys_rating,order_number,sandprating) values (?,?,?,?)
Hibernate: select r1_0.id,r1_0.fitch_rating,r1_0.moodys_rating,r1_0.order_number,r1_0.sandprating from rating r1_0 where r1_0.id=?
Hibernate: update rating set order_number=? where id=?
Hibernate: select r1_0.id,r1_0.fitch_rating,r1_0.moodys_rating,r1_0.order_number,r1_0.sandprating from rating r1_0
Hibernate: select r1_0.id,r1_0.fitch_rating,r1_0.moodys_rating,r1_0.order_number,r1_0.sandprating from rating r1_0 where r1_0.id=?
Hibernate: delete from rating where id=?
Hibernate: select r1_0.id,r1_0.fitch_rating,r1_0.moodys_rating,r1_0.order_number,r1_0.sandprating from rating r1_0 where r1_0.id=?
]]></system-out>
  </testcase>
</testsuite>